06:43:46 **** Incremental Build of project BibliographieQt ****
make debug 
/usr/lib/i386-linux-gnu/qt4/bin/qmake CONFIG+=debug_and_release -o Makefile BibliographieQt.pro
make -f Makefile.Debug
make[1]: Entering directory '/home/etudiant/Documents/TP4/BibliographieQt'
/usr/lib/i386-linux-gnu/qt4/bin/uic ajoutsousmenu.ui -o ui_ajoutsousmenu.h
/usr/lib/i386-linux-gnu/qt4/bin/uic dialogsuppression.ui -o ui_dialogsuppression.h
/usr/lib/i386-linux-gnu/qt4/bin/uic dialogajouterreference.ui -o ui_dialogajouterreference.h
/usr/lib/i386-linux-gnu/qt4/bin/uic supprimerreference.ui -o ui_supprimerreference.h
/usr/lib/i386-linux-gnu/qt4/bin/uic bibliographieqt.ui -o ui_bibliographieqt.h
g++ -c -pipe -g -Wall -W -D_REENTRANT -DQT_GUI_LIB -DQT_CORE_LIB -DQT_SHARED -I/usr/share/qt4/mkspecs/linux-g++ -I. -I/usr/include/qt4/QtCore -I/usr/include/qt4/QtGui -I/usr/include/qt4 -I../source -Idebug -I. -o debug/ajoutsousmenu.o ajoutsousmenu.cpp
g++ -c -pipe -g -Wall -W -D_REENTRANT -DQT_GUI_LIB -DQT_CORE_LIB -DQT_SHARED -I/usr/share/qt4/mkspecs/linux-g++ -I. -I/usr/include/qt4/QtCore -I/usr/include/qt4/QtGui -I/usr/include/qt4 -I../source -Idebug -I. -o debug/dialogsuppression.o dialogsuppression.cpp
g++ -c -pipe -g -Wall -W -D_REENTRANT -DQT_GUI_LIB -DQT_CORE_LIB -DQT_SHARED -I/usr/share/qt4/mkspecs/linux-g++ -I. -I/usr/include/qt4/QtCore -I/usr/include/qt4/QtGui -I/usr/include/qt4 -I../source -Idebug -I. -o debug/dialogajouterreference.o dialogajouterreference.cpp
g++ -c -pipe -g -Wall -W -D_REENTRANT -DQT_GUI_LIB -DQT_CORE_LIB -DQT_SHARED -I/usr/share/qt4/mkspecs/linux-g++ -I. -I/usr/include/qt4/QtCore -I/usr/include/qt4/QtGui -I/usr/include/qt4 -I../source -Idebug -I. -o debug/supprimerreference.o supprimerreference.cpp
g++ -c -pipe -g -Wall -W -D_REENTRANT -DQT_GUI_LIB -DQT_CORE_LIB -DQT_SHARED -I/usr/share/qt4/mkspecs/linux-g++ -I. -I/usr/include/qt4/QtCore -I/usr/include/qt4/QtGui -I/usr/include/qt4 -I../source -Idebug -I. -o debug/main.o main.cpp
g++ -c -pipe -g -Wall -W -D_REENTRANT -DQT_GUI_LIB -DQT_CORE_LIB -DQT_SHARED -I/usr/share/qt4/mkspecs/linux-g++ -I. -I/usr/include/qt4/QtCore -I/usr/include/qt4/QtGui -I/usr/include/qt4 -I../source -Idebug -I. -o debug/bibliographieqt.o bibliographieqt.cpp
/usr/lib/i386-linux-gnu/qt4/bin/moc -DQT_GUI_LIB -DQT_CORE_LIB -DQT_SHARED -I/usr/share/qt4/mkspecs/linux-g++ -I. -I/usr/include/qt4/QtCore -I/usr/include/qt4/QtGui -I/usr/include/qt4 -I../source -Idebug -I. ajoutsousmenu.h -o debug/moc_ajoutsousmenu.cpp
g++ -c -pipe -g -Wall -W -D_REENTRANT -DQT_GUI_LIB -DQT_CORE_LIB -DQT_SHARED -I/usr/share/qt4/mkspecs/linux-g++ -I. -I/usr/include/qt4/QtCore -I/usr/include/qt4/QtGui -I/usr/include/qt4 -I../source -Idebug -I. -o debug/moc_ajoutsousmenu.o debug/moc_ajoutsousmenu.cpp
/usr/lib/i386-linux-gnu/qt4/bin/moc -DQT_GUI_LIB -DQT_CORE_LIB -DQT_SHARED -I/usr/share/qt4/mkspecs/linux-g++ -I. -I/usr/include/qt4/QtCore -I/usr/include/qt4/QtGui -I/usr/include/qt4 -I../source -Idebug -I. dialogsuppression.h -o debug/moc_dialogsuppression.cpp
g++ -c -pipe -g -Wall -W -D_REENTRANT -DQT_GUI_LIB -DQT_CORE_LIB -DQT_SHARED -I/usr/share/qt4/mkspecs/linux-g++ -I. -I/usr/include/qt4/QtCore -I/usr/include/qt4/QtGui -I/usr/include/qt4 -I../source -Idebug -I. -o debug/moc_dialogsuppression.o debug/moc_dialogsuppression.cpp
/usr/lib/i386-linux-gnu/qt4/bin/moc -DQT_GUI_LIB -DQT_CORE_LIB -DQT_SHARED -I/usr/share/qt4/mkspecs/linux-g++ -I. -I/usr/include/qt4/QtCore -I/usr/include/qt4/QtGui -I/usr/include/qt4 -I../source -Idebug -I. dialogajouterreference.h -o debug/moc_dialogajouterreference.cpp
g++ -c -pipe -g -Wall -W -D_REENTRANT -DQT_GUI_LIB -DQT_CORE_LIB -DQT_SHARED -I/usr/share/qt4/mkspecs/linux-g++ -I. -I/usr/include/qt4/QtCore -I/usr/include/qt4/QtGui -I/usr/include/qt4 -I../source -Idebug -I. -o debug/moc_dialogajouterreference.o debug/moc_dialogajouterreference.cpp
/usr/lib/i386-linux-gnu/qt4/bin/moc -DQT_GUI_LIB -DQT_CORE_LIB -DQT_SHARED -I/usr/share/qt4/mkspecs/linux-g++ -I. -I/usr/include/qt4/QtCore -I/usr/include/qt4/QtGui -I/usr/include/qt4 -I../source -Idebug -I. supprimerreference.h -o debug/moc_supprimerreference.cpp
g++ -c -pipe -g -Wall -W -D_REENTRANT -DQT_GUI_LIB -DQT_CORE_LIB -DQT_SHARED -I/usr/share/qt4/mkspecs/linux-g++ -I. -I/usr/include/qt4/QtCore -I/usr/include/qt4/QtGui -I/usr/include/qt4 -I../source -Idebug -I. -o debug/moc_supprimerreference.o debug/moc_supprimerreference.cpp
/usr/lib/i386-linux-gnu/qt4/bin/moc -DQT_GUI_LIB -DQT_CORE_LIB -DQT_SHARED -I/usr/share/qt4/mkspecs/linux-g++ -I. -I/usr/include/qt4/QtCore -I/usr/include/qt4/QtGui -I/usr/include/qt4 -I../source -Idebug -I. bibliographieqt.h -o debug/moc_bibliographieqt.cpp
g++ -c -pipe -g -Wall -W -D_REENTRANT -DQT_GUI_LIB -DQT_CORE_LIB -DQT_SHARED -I/usr/share/qt4/mkspecs/linux-g++ -I. -I/usr/include/qt4/QtCore -I/usr/include/qt4/QtGui -I/usr/include/qt4 -I../source -Idebug -I. -o debug/moc_bibliographieqt.o debug/moc_bibliographieqt.cpp
g++  -o BibliographieQt debug/ajoutsousmenu.o debug/dialogsuppression.o debug/dialogajouterreference.o debug/supprimerreference.o debug/ajoutouvrage.o debug/ajoutjournal.o debug/main.o debug/bibliographieqt.o debug/moc_ajoutsousmenu.o debug/moc_dialogsuppression.o debug/moc_dialogajouterreference.o debug/moc_supprimerreference.o debug/moc_ajoutouvrage.o debug/moc_ajoutjournal.o debug/moc_bibliographieqt.o    -L/usr/lib/i386-linux-gnu ../source/Debug/libsource.a -lQtGui -lQtCore -lpthread 
{ test -n "" && DESTDIR="" || DESTDIR=.; } && test $(gdb --version | sed -e 's,[^0-9][^0-9]*\([0-9]\)\.\([0-9]\).*,\1\2,;q') -gt 72 && gdb --nx --batch --quiet -ex 'set confirm off' -ex "save gdb-index $DESTDIR" -ex quit 'BibliographieQt' && test -f BibliographieQt.gdb-index && objcopy --add-section '.gdb_index=BibliographieQt.gdb-index' --set-section-flags '.gdb_index=readonly' 'BibliographieQt' 'BibliographieQt' && rm -f BibliographieQt.gdb-index || true
make[1]: Leaving directory '/home/etudiant/Documents/TP4/BibliographieQt'
